C:\USERS\TOM\DOCUMENTS\VISUAL STUDIO 2012\PROJECTS\PROJECT1\PROJECT1\DEBUG\PROJECT1.PCH
C:\USERS\TOM\DOCUMENTS\VISUAL STUDIO 2012\PROJECTS\PROJECT1\PROJECT1\DEBUG\VC110.PDB
C:\USERS\TOM\DOCUMENTS\VISUAL STUDIO 2012\PROJECTS\PROJECT1\PROJECT1\DEBUG\PRECOMPILED.OBJ
C:\USERS\TOM\DOCUMENTS\VISUAL STUDIO 2012\PROJECTS\PROJECT1\PROJECT1\DEBUG\MAIN.OBJ
C:\USERS\TOM\DOCUMENTS\VISUAL STUDIO 2012\PROJECTS\PROJECT1\PROJECT1\DEBUG\GAMELOOP.OBJ
C:\USERS\TOM\DOCUMENTS\VISUAL STUDIO 2012\PROJECTS\PROJECT1\PROJECT1\DEBUG\FILEPATH.OBJ
C:\USERS\TOM\DOCUMENTS\VISUAL STUDIO 2012\PROJECTS\PROJECT1\PROJECT1\DEBUG\MATRIX.OBJ
C:\USERS\TOM\DOCUMENTS\VISUAL STUDIO 2012\PROJECTS\PROJECT1\PROJECT1\DEBUG\MATRIX22.OBJ
C:\USERS\TOM\DOCUMENTS\VISUAL STUDIO 2012\PROJECTS\PROJECT1\PROJECT1\DEBUG\MATRIX33.OBJ
C:\USERS\TOM\DOCUMENTS\VISUAL STUDIO 2012\PROJECTS\PROJECT1\PROJECT1\DEBUG\PROFILERNODE.OBJ
C:\USERS\TOM\DOCUMENTS\VISUAL STUDIO 2012\PROJECTS\PROJECT1\PROJECT1\DEBUG\QUATERNION.OBJ
C:\USERS\TOM\DOCUMENTS\VISUAL STUDIO 2012\PROJECTS\PROJECT1\PROJECT1\DEBUG\RANDOM.OBJ
C:\USERS\TOM\DOCUMENTS\VISUAL STUDIO 2012\PROJECTS\PROJECT1\PROJECT1\DEBUG\UTILITY.OBJ
C:\USERS\TOM\DOCUMENTS\VISUAL STUDIO 2012\PROJECTS\PROJECT1\PROJECT1\DEBUG\VECTOR2.OBJ
C:\USERS\TOM\DOCUMENTS\VISUAL STUDIO 2012\PROJECTS\PROJECT1\PROJECT1\DEBUG\VECTOR3.OBJ
C:\USERS\TOM\DOCUMENTS\VISUAL STUDIO 2012\PROJECTS\PROJECT1\PROJECT1\DEBUG\VECTOR4.OBJ
C:\USERS\TOM\DOCUMENTS\VISUAL STUDIO 2012\PROJECTS\PROJECT1\PROJECT1\DEBUG\STOPWATCH.OBJ
C:\USERS\TOM\DOCUMENTS\VISUAL STUDIO 2012\PROJECTS\PROJECT1\PROJECT1\DEBUG\LOCK.OBJ
C:\USERS\TOM\DOCUMENTS\VISUAL STUDIO 2012\PROJECTS\PROJECT1\PROJECT1\DEBUG\MEMORYMANAGER.OBJ
C:\USERS\TOM\DOCUMENTS\VISUAL STUDIO 2012\PROJECTS\PROJECT1\PROJECT1\DEBUG\PRINT.OBJ
C:\USERS\TOM\DOCUMENTS\VISUAL STUDIO 2012\PROJECTS\PROJECT1\PROJECT1\DEBUG\STACKALLOCATOR.OBJ
C:\USERS\TOM\DOCUMENTS\VISUAL STUDIO 2012\PROJECTS\PROJECT1\PROJECT1\DEBUG\GAMEWINDOW.OBJ
C:\USERS\TOM\DOCUMENTS\VISUAL STUDIO 2012\PROJECTS\PROJECT1\PROJECT1\DEBUG\PROFILER.OBJ
C:\USERS\TOM\DOCUMENTS\VISUAL STUDIO 2012\PROJECTS\PROJECT1\PROJECT1\DEBUG\DRAW.OBJ
C:\USERS\TOM\DOCUMENTS\VISUAL STUDIO 2012\PROJECTS\PROJECT1\PROJECT1\DEBUG\GRAPHICS.OBJ
C:\USERS\TOM\DOCUMENTS\VISUAL STUDIO 2012\PROJECTS\PROJECT1\PROJECT1\DEBUG\INPUTBINDING.OBJ
C:\USERS\TOM\DOCUMENTS\VISUAL STUDIO 2012\PROJECTS\PROJECT1\PROJECT1\DEBUG\INPUTMANAGER.OBJ
C:\USERS\TOM\DOCUMENTS\VISUAL STUDIO 2012\PROJECTS\PROJECT1\PROJECT1\DEBUG\DEPTHSTENCILBUFFER.OBJ
C:\USERS\TOM\DOCUMENTS\VISUAL STUDIO 2012\PROJECTS\PROJECT1\PROJECT1\DEBUG\DEVICE.OBJ
C:\USERS\TOM\DOCUMENTS\VISUAL STUDIO 2012\PROJECTS\PROJECT1\PROJECT1\DEBUG\ASSERT.OBJ
C:\USERS\TOM\DOCUMENTS\VISUAL STUDIO 2012\PROJECTS\PROJECT1\DEBUG\PROJECT1.ILK
C:\USERS\TOM\DOCUMENTS\VISUAL STUDIO 2012\PROJECTS\PROJECT1\DEBUG\PROJECT1.EXE
C:\USERS\TOM\DOCUMENTS\VISUAL STUDIO 2012\PROJECTS\PROJECT1\DEBUG\PROJECT1.PDB
C:\Users\Tom\documents\visual studio 2012\Projects\Project1\Project1\Debug\Assert.obj
C:\Users\Tom\documents\visual studio 2012\Projects\Project1\Project1\Debug\DepthStencilBuffer.obj
C:\Users\Tom\documents\visual studio 2012\Projects\Project1\Project1\Debug\Device.obj
C:\Users\Tom\documents\visual studio 2012\Projects\Project1\Project1\Debug\Draw.obj
C:\Users\Tom\documents\visual studio 2012\Projects\Project1\Project1\Debug\FilePath.obj
C:\Users\Tom\documents\visual studio 2012\Projects\Project1\Project1\Debug\GameLoop.obj
C:\Users\Tom\documents\visual studio 2012\Projects\Project1\Project1\Debug\GameWindow.obj
C:\Users\Tom\documents\visual studio 2012\Projects\Project1\Project1\Debug\Graphics.obj
C:\Users\Tom\documents\visual studio 2012\Projects\Project1\Project1\Debug\InputBinding.obj
C:\Users\Tom\documents\visual studio 2012\Projects\Project1\Project1\Debug\InputManager.obj
C:\Users\Tom\documents\visual studio 2012\Projects\Project1\Project1\Debug\Lock.obj
C:\Users\Tom\documents\visual studio 2012\Projects\Project1\Project1\Debug\Main.obj
C:\Users\Tom\documents\visual studio 2012\Projects\Project1\Project1\Debug\Matrix.obj
C:\Users\Tom\documents\visual studio 2012\Projects\Project1\Project1\Debug\Matrix22.obj
C:\Users\Tom\documents\visual studio 2012\Projects\Project1\Project1\Debug\Matrix33.obj
C:\Users\Tom\documents\visual studio 2012\Projects\Project1\Project1\Debug\MemoryManager.obj
C:\Users\Tom\documents\visual studio 2012\Projects\Project1\Project1\Debug\Precompiled.obj
C:\Users\Tom\documents\visual studio 2012\Projects\Project1\Project1\Debug\Print.obj
C:\Users\Tom\documents\visual studio 2012\Projects\Project1\Project1\Debug\Profiler.obj
C:\Users\Tom\documents\visual studio 2012\Projects\Project1\Project1\Debug\ProfilerNode.obj
C:\Users\Tom\documents\visual studio 2012\Projects\Project1\Project1\Debug\Quaternion.obj
C:\Users\Tom\documents\visual studio 2012\Projects\Project1\Project1\Debug\Random.obj
C:\Users\Tom\documents\visual studio 2012\Projects\Project1\Project1\Debug\StackAllocator.obj
C:\Users\Tom\documents\visual studio 2012\Projects\Project1\Project1\Debug\Stopwatch.obj
C:\Users\Tom\documents\visual studio 2012\Projects\Project1\Project1\Debug\Utility.obj
C:\Users\Tom\documents\visual studio 2012\Projects\Project1\Project1\Debug\Vector2.obj
C:\Users\Tom\documents\visual studio 2012\Projects\Project1\Project1\Debug\Vector3.obj
C:\Users\Tom\documents\visual studio 2012\Projects\Project1\Project1\Debug\Vector4.obj
C:\Users\Tom\documents\visual studio 2012\Projects\Project1\Project1\Debug\cl.command.1.tlog
C:\Users\Tom\documents\visual studio 2012\Projects\Project1\Project1\Debug\CL.read.1.tlog
C:\Users\Tom\documents\visual studio 2012\Projects\Project1\Project1\Debug\CL.write.1.tlog
C:\Users\Tom\documents\visual studio 2012\Projects\Project1\Project1\Debug\link-cvtres.read.1.tlog
C:\Users\Tom\documents\visual studio 2012\Projects\Project1\Project1\Debug\link-cvtres.write.1.tlog
C:\Users\Tom\documents\visual studio 2012\Projects\Project1\Project1\Debug\link-rc.read.1.tlog
C:\Users\Tom\documents\visual studio 2012\Projects\Project1\Project1\Debug\link-rc.write.1.tlog
C:\Users\Tom\documents\visual studio 2012\Projects\Project1\Project1\Debug\link.10104-cvtres.read.1.tlog
C:\Users\Tom\documents\visual studio 2012\Projects\Project1\Project1\Debug\link.10104-cvtres.write.1.tlog
C:\Users\Tom\documents\visual studio 2012\Projects\Project1\Project1\Debug\link.10104-rc.read.1.tlog
C:\Users\Tom\documents\visual studio 2012\Projects\Project1\Project1\Debug\link.10104-rc.write.1.tlog
C:\Users\Tom\documents\visual studio 2012\Projects\Project1\Project1\Debug\link.10104.read.1.tlog
C:\Users\Tom\documents\visual studio 2012\Projects\Project1\Project1\Debug\link.10104.write.1.tlog
C:\Users\Tom\documents\visual studio 2012\Projects\Project1\Project1\Debug\link.command.1.tlog
C:\Users\Tom\documents\visual studio 2012\Projects\Project1\Project1\Debug\link.read.1.tlog
C:\Users\Tom\documents\visual studio 2012\Projects\Project1\Project1\Debug\link.write.1.tlog
C:\Users\Tom\documents\visual studio 2012\Projects\Project1\Project1\Debug\Project1.pch
C:\Users\Tom\documents\visual studio 2012\Projects\Project1\Project1\Debug\vc110.idb
C:\Users\Tom\documents\visual studio 2012\Projects\Project1\Project1\Debug\vc110.pdb
C:\Users\Tom\documents\visual studio 2012\Projects\Project1\Debug\Project1.pdb
C:\Users\Tom\documents\visual studio 2012\Projects\Project1\Debug\Project1.exe
C:\Users\Tom\documents\visual studio 2012\Projects\Project1\Debug\Project1.ilk
